Using pre-set license
Built from '2020.3/staging' branch; Version is '2020.3.32f1 (12f8b0834f07) revision 1243312'; Using compiler version '192528614'; Build Type 'Release'
OS: 'Windows 10  (10.0.19044) 64bit Professional' Language: 'en' Physical Memory: 16311 MB
BatchMode: 1, IsHumanControllingUs: 0, StartBugReporterOnCrash: 0, Is64bit: 1, IsPro: 0

COMMAND LINE ARGUMENTS:
D:\programs\unity\2020.3.32f1\Editor\Unity.exe
-adb2
-batchMode
-noUpm
-name
AssetImportWorker0
-projectPath
D:/unity/dead ninjas
-logFile
Logs/AssetImportWorker0.log
-srvPort
59541
Successfully changed project path to: D:/unity/dead ninjas
D:/unity/dead ninjas
Using Asset Import Pipeline V2.
Refreshing native plugins compatible for Editor in 62.86 ms, found 3 plugins.
Preloading 0 native plugins for Editor in 0.00 ms.
Initialize engine version: 2020.3.32f1 (12f8b0834f07)
[Subsystems] Discovering subsystems at path D:/programs/unity/2020.3.32f1/Editor/Data/Resources/UnitySubsystems
[Subsystems] Discovering subsystems at path D:/unity/dead ninjas/Assets
GfxDevice: creating device client; threaded=0
Direct3D:
    Version:  Direct3D 11.0 [level 11.1]
    Renderer: NVIDIA GeForce GTX 970 (ID=0x13c2)
    Vendor:   
    VRAM:     4043 MB
    Driver:   30.0.15.1179
Initialize mono
Mono path[0] = 'D:/programs/unity/2020.3.32f1/Editor/Data/Managed'
Mono path[1] = 'D:/programs/unity/2020.3.32f1/Editor/Data/MonoBleedingEdge/lib/mono/unityjit'
Mono config path = 'D:/programs/unity/2020.3.32f1/Editor/Data/MonoBleedingEdge/etc'
Using monoOptions --debugger-agent=transport=dt_socket,embedding=1,server=y,suspend=n,address=127.0.0.1:56424
Begin MonoManager ReloadAssembly
Registering precompiled unity dll's ...
Register platform support module: D:/programs/unity/2020.3.32f1/Editor/Data/PlaybackEngines/WebGLSupport/UnityEditor.WebGL.Extensions.dll
Register platform support module: D:/programs/unity/2020.3.32f1/Editor/Data/PlaybackEngines/WindowsStandaloneSupport/UnityEditor.WindowsStandalone.Extensions.dll
Registered in 0.002047 seconds.
Native extension for WindowsStandalone target not found
Native extension for WebGL target not found
Refreshing native plugins compatible for Editor in 85.54 ms, found 3 plugins.
Preloading 0 native plugins for Editor in 0.00 ms.
Mono: successfully reloaded assembly
- Completed reload, in  1.040 seconds
Domain Reload Profiling:
	ReloadAssembly (1040ms)
		BeginReloadAssembly (88ms)
			ExecutionOrderSort (0ms)
			DisableScriptedObjects (0ms)
			BackupInstance (0ms)
			ReleaseScriptingObjects (0ms)
			CreateAndSetChildDomain (1ms)
		EndReloadAssembly (856ms)
			LoadAssemblies (87ms)
			RebuildTransferFunctionScriptingTraits (0ms)
			SetupTypeCache (244ms)
			ReleaseScriptCaches (0ms)
			RebuildScriptCaches (39ms)
			SetupLoadedEditorAssemblies (442ms)
				LogAssemblyErrors (0ms)
				InitializePlatformSupportModulesInManaged (6ms)
				SetLoadedEditorAssemblies (0ms)
				RefreshPlugins (86ms)
				BeforeProcessingInitializeOnLoad (64ms)
				ProcessInitializeOnLoadAttributes (247ms)
				ProcessInitializeOnLoadMethodAttributes (39ms)
				AfterProcessingInitializeOnLoad (0ms)
				EditorAssembliesLoaded (0ms)
			ExecutionOrderSort2 (0ms)
			AwakeInstancesAfterBackupRestoration (0ms)
Platform modules already initialized, skipping
Registering precompiled user dll's ...
Registered in 0.003744 seconds.
Begin MonoManager ReloadAssembly
Native extension for WindowsStandalone target not found
Native extension for WebGL target not found
Refreshing native plugins compatible for Editor in 63.52 ms, found 3 plugins.
Preloading 0 native plugins for Editor in 0.00 ms.
Mono: successfully reloaded assembly
- Completed reload, in  1.712 seconds
Domain Reload Profiling:
	ReloadAssembly (1713ms)
		BeginReloadAssembly (205ms)
			ExecutionOrderSort (0ms)
			DisableScriptedObjects (7ms)
			BackupInstance (0ms)
			ReleaseScriptingObjects (0ms)
			CreateAndSetChildDomain (25ms)
		EndReloadAssembly (1429ms)
			LoadAssemblies (139ms)
			RebuildTransferFunctionScriptingTraits (0ms)
			SetupTypeCache (464ms)
			ReleaseScriptCaches (1ms)
			RebuildScriptCaches (66ms)
			SetupLoadedEditorAssemblies (592ms)
				LogAssemblyErrors (0ms)
				InitializePlatformSupportModulesInManaged (6ms)
				SetLoadedEditorAssemblies (0ms)
				RefreshPlugins (64ms)
				BeforeProcessingInitializeOnLoad (105ms)
				ProcessInitializeOnLoadAttributes (372ms)
				ProcessInitializeOnLoadMethodAttributes (42ms)
				AfterProcessingInitializeOnLoad (3ms)
				EditorAssembliesLoaded (0ms)
			ExecutionOrderSort2 (0ms)
			AwakeInstancesAfterBackupRestoration (12ms)
Platform modules already initialized, skipping
========================================================================
Worker process is ready to serve import requests
Launched and connected shader compiler UnityShaderCompiler.exe after 0.16 seconds
Refreshing native plugins compatible for Editor in 0.77 ms, found 3 plugins.
Preloading 0 native plugins for Editor in 0.00 ms.
Unloading 2200 Unused Serialized files (Serialized files now loaded: 0)
System memory in use before: 97.0 MB.
System memory in use after: 96.9 MB.

Unloading 31 unused Assets to reduce memory usage. Loaded Objects now: 2631.
Total: 4.989700 ms (FindLiveObjects: 0.317500 ms CreateObjectMapping: 0.191900 ms MarkObjects: 4.144700 ms  DeleteObjects: 0.334300 ms)

AssetImportParameters requested are different than current active one (requested -> active):
  custom:framework-win-MediaFoundation: 216162199b28c13a410421893ffa2e32 -> 
  custom:video-decoder-ogg-theora: a1e56fd34408186e4bbccfd4996cb3dc -> 
  custom:container-muxer-webm: aa71ff27fc2769a1b78a27578f13a17b -> 
  custom:container-demuxer-webm: 4f35f7cbe854078d1ac9338744f61a02 -> 
  custom:container-demuxer-ogg: 62fdf1f143b41e24485cea50d1cbac27 -> 
  custom:video-encoder-webm-vp8: eb34c28f22e8b96e1ab97ce403110664 -> 
  custom:video-decoder-webm-vp8: 9c59270c3fd7afecdb556c50c9e8de78 -> 
  custom:audio-decoder-ogg-vorbis: bf7c407c2cedff20999df2af8eb42d56 -> 
  custom:audio-encoder-webm-vorbis: bf7c407c2cedff20999df2af8eb42d56 -> 
========================================================================
Received Import Request.
  path: Assets/shodn asset/player/1669_Res_CLASS_IMAGE_PLAYER_UPPER.png
  artifactKey: Guid(3fa13fb973dfa7c43b3e376925746366) Importer(815301076,1909f56bfc062723c751e8b465ee728b)
Start importing Assets/shodn asset/player/1669_Res_CLASS_IMAGE_PLAYER_UPPER.png using Guid(3fa13fb973dfa7c43b3e376925746366) Importer(815301076,1909f56bfc062723c751e8b465ee728b)  -> (artifact id: '4e4904258db48f931c15899d57d822d2') in 0.274590 seconds 
========================================================================
Received Import Request.
  Time since last request: 2.014971 seconds.
  path: Assets/shodn asset/player/1581_Res_CLASS_IMAGE_PLAYER_HAIR.png
  artifactKey: Guid(0dfa7c70f3f61764f9520f35b4c8b7e5) Importer(815301076,1909f56bfc062723c751e8b465ee728b)
Start importing Assets/shodn asset/player/1581_Res_CLASS_IMAGE_PLAYER_HAIR.png using Guid(0dfa7c70f3f61764f9520f35b4c8b7e5) Importer(815301076,1909f56bfc062723c751e8b465ee728b)  -> (artifact id: '252f34758a2a8185cadb57f9c042ba5f') in 0.048793 seconds 
========================================================================
Received Import Request.
  Time since last request: 3.929306 seconds.
  path: Assets/shodn asset/player/1805_Res_CLASS_IMAGE_PLAYER_LOWER.png
  artifactKey: Guid(ee889a229528f1946809305796c79147) Importer(815301076,1909f56bfc062723c751e8b465ee728b)
Start importing Assets/shodn asset/player/1805_Res_CLASS_IMAGE_PLAYER_LOWER.png using Guid(ee889a229528f1946809305796c79147) Importer(815301076,1909f56bfc062723c751e8b465ee728b)  -> (artifact id: '8f5c550e0d2218ecbb893816c7993ccd') in 0.026191 seconds 
========================================================================
Received Import Request.
  Time since last request: 9.371814 seconds.
  path: Assets/shodn asset/player/player hair.png
  artifactKey: Guid(0dfa7c70f3f61764f9520f35b4c8b7e5) Importer(815301076,1909f56bfc062723c751e8b465ee728b)
Start importing Assets/shodn asset/player/player hair.png using Guid(0dfa7c70f3f61764f9520f35b4c8b7e5) Importer(815301076,1909f56bfc062723c751e8b465ee728b)  -> (artifact id: '654e95cab5148ca46ac180933e26492a') in 0.021732 seconds 
========================================================================
Received Import Request.
  Time since last request: 7.882173 seconds.
  path: Assets/shodn asset/player/player lower.png
  artifactKey: Guid(ee889a229528f1946809305796c79147) Importer(815301076,1909f56bfc062723c751e8b465ee728b)
Start importing Assets/shodn asset/player/player lower.png using Guid(ee889a229528f1946809305796c79147) Importer(815301076,1909f56bfc062723c751e8b465ee728b)  -> (artifact id: '1f15b44582de935ece3cabca251f75c5') in 0.022691 seconds 
========================================================================
Received Import Request.
  Time since last request: 6.616025 seconds.
  path: Assets/shodn asset/player/player upper.png
  artifactKey: Guid(3fa13fb973dfa7c43b3e376925746366) Importer(815301076,1909f56bfc062723c751e8b465ee728b)
Start importing Assets/shodn asset/player/player upper.png using Guid(3fa13fb973dfa7c43b3e376925746366) Importer(815301076,1909f56bfc062723c751e8b465ee728b)  -> (artifact id: 'def892906bee65458454a5979d12a50e') in 0.027241 seconds 
========================================================================
Received Import Request.
  Time since last request: 25.949149 seconds.
  path: Assets/shodn asset/player/player upper.png
  artifactKey: Guid(3fa13fb973dfa7c43b3e376925746366) Importer(815301076,1909f56bfc062723c751e8b465ee728b)
Start importing Assets/shodn asset/player/player upper.png using Guid(3fa13fb973dfa7c43b3e376925746366) Importer(815301076,1909f56bfc062723c751e8b465ee728b)  -> (artifact id: '00220d675330779dc52cf098c45a92d3') in 0.028185 seconds 
========================================================================
Received Import Request.
  Time since last request: 27.044633 seconds.
  path: Assets/shodn asset/player/player upper.png
  artifactKey: Guid(3fa13fb973dfa7c43b3e376925746366) Importer(815301076,1909f56bfc062723c751e8b465ee728b)
Start importing Assets/shodn asset/player/player upper.png using Guid(3fa13fb973dfa7c43b3e376925746366) Importer(815301076,1909f56bfc062723c751e8b465ee728b)  -> (artifact id: 'b482df9bf3ebf2b754c9280094a18d90') in 0.023554 seconds 
========================================================================
Received Import Request.
  Time since last request: 298.566198 seconds.
  path: Assets/shodn asset/player/player upper.png
  artifactKey: Guid(3fa13fb973dfa7c43b3e376925746366) Importer(815301076,1909f56bfc062723c751e8b465ee728b)
Start importing Assets/shodn asset/player/player upper.png using Guid(3fa13fb973dfa7c43b3e376925746366) Importer(815301076,1909f56bfc062723c751e8b465ee728b)  -> (artifact id: '8dea5b7f5031b0719d83fdff71b9d4ae') in 1.350243 seconds 
========================================================================
Received Import Request.
  Time since last request: 146.411411 seconds.
  path: Assets/shodn asset/player/player upper.png
  artifactKey: Guid(3fa13fb973dfa7c43b3e376925746366) Importer(815301076,1909f56bfc062723c751e8b465ee728b)
Start importing Assets/shodn asset/player/player upper.png using Guid(3fa13fb973dfa7c43b3e376925746366) Importer(815301076,1909f56bfc062723c751e8b465ee728b)  -> (artifact id: '32e1371d68bc3d2a989efb40c3e2a2b2') in 1.391055 seconds 
AssetImportWorkerClient::OnTransportError - code=2 error=End of file
